<?xml version="1.0" encoding="UTF-8"?>
<!-- Generated by org.testng.reporters.JUnitReportReporter -->
<testsuite hostname="SK-PC" name="test_pkg.Framework" tests="1" failures="0" timestamp="4 Jul 2017 17:21:58 GMT" time="57.591" errors="0">
  <testcase name="main" time="57.591" classname="test_pkg.Framework"/>
</testsuite> <!-- test_pkg.Framework -->
